<?xml version="1.0" encoding="UTF-8"?>
<!-- Generated by org.testng.reporters.JUnitXMLReporter -->
<testsuite ignored="0" hostname="LAPTOP-V2U7GAU2" failures="0" tests="1" name="Command line test" time="603.172" errors="0" timestamp="21 Aug 2021 16:43:57 GMT">
  <testcase classname="com.testng.Testng" name="@BeforeMethod SetUp" time="603.09">
    <failure type="org.openqa.selenium.SessionNotCreatedException" message="session not created
from timeout: Timed out receiving message from renderer: 600.000
  (Session info: chrome=92.0.4515.159)
Build info: version: &amp;apos;3.141.59&amp;apos;, revision: &amp;apos;e82be7d358&amp;apos;, time: &amp;apos;2018-11-14T08:17:03&amp;apos;
System info: host: &amp;apos;LAPTOP-V2U7GAU2&amp;apos;, ip: &amp;apos;192.168.88.203&amp;apos;, os.name: &amp;apos;Windows 10&amp;apos;, os.arch: &amp;apos;amd64&amp;apos;, os.version: &amp;apos;10.0&amp;apos;, java.version: &amp;apos;11.0.12&amp;apos;
Driver info: driver.version: ChromeDriver
remote stacktrace: Backtrace:
	Ordinal0 [0x00625843+2512963]
	Ordinal0 [0x005BEED1+2092753]
	Ordinal0 [0x004C1F48+1056584]
	Ordinal0 [0x004B493D+1001789]
	Ordinal0 [0x004B398D+997773]
	Ordinal0 [0x004B3C46+998470]
	Ordinal0 [0x004B3535+996661]
	Ordinal0 [0x004BA09D+1024157]
	Ordinal0 [0x004B34F1+996593]
	Ordinal0 [0x004B4416+1000470]
	Ordinal0 [0x004B398D+997773]
	Ordinal0 [0x004B3C46+998470]
	Ordinal0 [0x004B3535+996661]
	Ordinal0 [0x004B92CC+1020620]
	Ordinal0 [0x004B34F1+996593]
	Ordinal0 [0x004B4416+1000470]
	Ordinal0 [0x004B398D+997773]
	Ordinal0 [0x004B3C46+998470]
	Ordinal0 [0x004B3535+996661]
	Ordinal0 [0x004AF10D+979213]
	Ordinal0 [0x004B34F1+996593]
	Ordinal0 [0x004B3290+995984]
	Ordinal0 [0x004B3029+995369]
	Ordinal0 [0x004C3160+1061216]
	Ordinal0 [0x0050A8EB+1353963]
	Ordinal0 [0x005095BA+1349050]
	Ordinal0 [0x005054BB+1332411]
	Ordinal0 [0x004E1D14+1187092]
	Ordinal0 [0x004E2B79+1190777]
	GetHandleVerifier [0x007A0C56+1501718]
	GetHandleVerifier [0x0084E97F+2213695]
	GetHandleVerifier [0x006A8C92+485970]
	GetHandleVerifier [0x006A7D59+482073]
	Ordinal0 [0x005C471D+2115357]
	Ordinal0 [0x005C8678+2131576]
	Ordinal0 [0x005C87B2+2131890]
	Ordinal0 [0x005D1971+2169201]
	BaseThreadInitThunk [0x7584FA29+25]
	RtlGetAppContainerNamedObjectPath [0x77707A7E+286]
	RtlGetAppContainerNamedObjectPath [0x77707A4E+238]
">
      <![CDATA[org.openqa.selenium.SessionNotCreatedException: session not created
from timeout: Timed out receiving message from renderer: 600.000
  (Session info: chrome=92.0.4515.159)
Build info: version: '3.141.59', revision: 'e82be7d358', time: '2018-11-14T08:17:03'
System info: host: 'LAPTOP-V2U7GAU2', ip: '192.168.88.203', os.name: 'Windows 10', os.arch: 'amd64', os.version: '10.0', java.version: '11.0.12'
Driver info: driver.version: ChromeDriver
remote stacktrace: Backtrace:
	Ordinal0 [0x00625843+2512963]
	Ordinal0 [0x005BEED1+2092753]
	Ordinal0 [0x004C1F48+1056584]
	Ordinal0 [0x004B493D+1001789]
	Ordinal0 [0x004B398D+997773]
	Ordinal0 [0x004B3C46+998470]
	Ordinal0 [0x004B3535+996661]
	Ordinal0 [0x004BA09D+1024157]
	Ordinal0 [0x004B34F1+996593]
	Ordinal0 [0x004B4416+1000470]
	Ordinal0 [0x004B398D+997773]
	Ordinal0 [0x004B3C46+998470]
	Ordinal0 [0x004B3535+996661]
	Ordinal0 [0x004B92CC+1020620]
	Ordinal0 [0x004B34F1+996593]
	Ordinal0 [0x004B4416+1000470]
	Ordinal0 [0x004B398D+997773]
	Ordinal0 [0x004B3C46+998470]
	Ordinal0 [0x004B3535+996661]
	Ordinal0 [0x004AF10D+979213]
	Ordinal0 [0x004B34F1+996593]
	Ordinal0 [0x004B3290+995984]
	Ordinal0 [0x004B3029+995369]
	Ordinal0 [0x004C3160+1061216]
	Ordinal0 [0x0050A8EB+1353963]
	Ordinal0 [0x005095BA+1349050]
	Ordinal0 [0x005054BB+1332411]
	Ordinal0 [0x004E1D14+1187092]
	Ordinal0 [0x004E2B79+1190777]
	GetHandleVerifier [0x007A0C56+1501718]
	GetHandleVerifier [0x0084E97F+2213695]
	GetHandleVerifier [0x006A8C92+485970]
	GetHandleVerifier [0x006A7D59+482073]
	Ordinal0 [0x005C471D+2115357]
	Ordinal0 [0x005C8678+2131576]
	Ordinal0 [0x005C87B2+2131890]
	Ordinal0 [0x005D1971+2169201]
	BaseThreadInitThunk [0x7584FA29+25]
	RtlGetAppContainerNamedObjectPath [0x77707A7E+286]
	RtlGetAppContainerNamedObjectPath [0x77707A4E+238]

	at org.openqa.selenium.remote.W3CHandshakeResponse.lambda$errorHandler$0(W3CHandshakeResponse.java:62)
	at org.openqa.selenium.remote.HandshakeResponse.lambda$getResponseFunction$0(HandshakeResponse.java:30)
	at org.openqa.selenium.remote.ProtocolHandshake.lambda$createSession$0(ProtocolHandshake.java:126)
	at java.base/java.util.stream.ReferencePipeline$3$1.accept(ReferencePipeline.java:195)
	at java.base/java.util.Spliterators$ArraySpliterator.tryAdvance(Spliterators.java:958)
	at java.base/java.util.stream.ReferencePipeline.forEachWithCancel(ReferencePipeline.java:127)
	at java.base/java.util.stream.AbstractPipeline.copyIntoWithCancel(AbstractPipeline.java:502)
	at java.base/java.util.stream.AbstractPipeline.copyInto(AbstractPipeline.java:488)
	at java.base/java.util.stream.AbstractPipeline.wrapAndCopyInto(AbstractPipeline.java:474)
	at java.base/java.util.stream.FindOps$FindOp.evaluateSequential(FindOps.java:150)
	at java.base/java.util.stream.AbstractPipeline.evaluate(AbstractPipeline.java:234)
	at java.base/java.util.stream.ReferencePipeline.findFirst(ReferencePipeline.java:543)
	at org.openqa.selenium.remote.ProtocolHandshake.createSession(ProtocolHandshake.java:128)
	at org.openqa.selenium.remote.ProtocolHandshake.createSession(ProtocolHandshake.java:74)
	at org.openqa.selenium.remote.HttpCommandExecutor.execute(HttpCommandExecutor.java:136)
	at org.openqa.selenium.remote.service.DriverCommandExecutor.execute(DriverCommandExecutor.java:83)
	at org.openqa.selenium.remote.RemoteWebDriver.execute(RemoteWebDriver.java:552)
	at org.openqa.selenium.remote.RemoteWebDriver.startSession(RemoteWebDriver.java:213)
	at org.openqa.selenium.remote.RemoteWebDriver.<init>(RemoteWebDriver.java:131)
	at org.openqa.selenium.chrome.ChromeDriver.<init>(ChromeDriver.java:181)
	at org.openqa.selenium.chrome.ChromeDriver.<init>(ChromeDriver.java:168)
	at org.openqa.selenium.chrome.ChromeDriver.<init>(ChromeDriver.java:157)
	at DriverFile.BaseClass.initialization(BaseClass.java:22)
	at com.testng.Testng.SetUp(Testng.java:30)
... Removed 40 stack frames]]>
    </failure>
  </testcase> <!-- @BeforeMethod SetUp -->
  <testcase classname="com.testng.Testng" name="Test1" time="0.001">
    <skipped/>
  </testcase> <!-- Test1 -->
</testsuite> <!-- Command line test -->
