<?xml version="1.0" encoding="UTF-8"?>
<testng-results ignored="0" total="1" passed="0" failed="0" skipped="1">
  <reporter-output>
  </reporter-output>
  <suite started-at="2021-08-21T16:33:54Z" name="com.testng.Testng" finished-at="2021-08-21T16:43:57Z" duration-ms="603172">
    <groups>
    </groups>
    <test started-at="2021-08-21T16:33:54Z" name="Command line test" finished-at="2021-08-21T16:43:57Z" duration-ms="603172">
      <class name="com.testng.Testng">
        <test-method is-config="true" signature="SetUp()[pri:0, instance:com.testng.Testng@14dd9eb7]" started-at="2021-08-21T22:03:54Z" name="SetUp" finished-at="2021-08-21T22:13:57Z" duration-ms="603090" status="FAIL">
          <exception class="org.openqa.selenium.SessionNotCreatedException">
            <message>
              <![CDATA[session not created
from timeout: Timed out receiving message from renderer: 600.000
  (Session info: chrome=92.0.4515.159)
Build info: version: '3.141.59', revision: 'e82be7d358', time: '2018-11-14T08:17:03'
System info: host: 'LAPTOP-V2U7GAU2', ip: '192.168.88.203', os.name: 'Windows 10', os.arch: 'amd64', os.version: '10.0', java.version: '11.0.12'
Driver info: driver.version: ChromeDriver
remote stacktrace: Backtrace:
	Ordinal0 [0x00625843+2512963]
	Ordinal0 [0x005BEED1+2092753]
	Ordinal0 [0x004C1F48+1056584]
	Ordinal0 [0x004B493D+1001789]
	Ordinal0 [0x004B398D+997773]
	Ordinal0 [0x004B3C46+998470]
	Ordinal0 [0x004B3535+996661]
	Ordinal0 [0x004BA09D+1024157]
	Ordinal0 [0x004B34F1+996593]
	Ordinal0 [0x004B4416+1000470]
	Ordinal0 [0x004B398D+997773]
	Ordinal0 [0x004B3C46+998470]
	Ordinal0 [0x004B3535+996661]
	Ordinal0 [0x004B92CC+1020620]
	Ordinal0 [0x004B34F1+996593]
	Ordinal0 [0x004B4416+1000470]
	Ordinal0 [0x004B398D+997773]
	Ordinal0 [0x004B3C46+998470]
	Ordinal0 [0x004B3535+996661]
	Ordinal0 [0x004AF10D+979213]
	Ordinal0 [0x004B34F1+996593]
	Ordinal0 [0x004B3290+995984]
	Ordinal0 [0x004B3029+995369]
	Ordinal0 [0x004C3160+1061216]
	Ordinal0 [0x0050A8EB+1353963]
	Ordinal0 [0x005095BA+1349050]
	Ordinal0 [0x005054BB+1332411]
	Ordinal0 [0x004E1D14+1187092]
	Ordinal0 [0x004E2B79+1190777]
	GetHandleVerifier [0x007A0C56+1501718]
	GetHandleVerifier [0x0084E97F+2213695]
	GetHandleVerifier [0x006A8C92+485970]
	GetHandleVerifier [0x006A7D59+482073]
	Ordinal0 [0x005C471D+2115357]
	Ordinal0 [0x005C8678+2131576]
	Ordinal0 [0x005C87B2+2131890]
	Ordinal0 [0x005D1971+2169201]
	BaseThreadInitThunk [0x7584FA29+25]
	RtlGetAppContainerNamedObjectPath [0x77707A7E+286]
	RtlGetAppContainerNamedObjectPath [0x77707A4E+238]
]]>
            </message>
            <full-stacktrace>
              <![CDATA[org.openqa.selenium.SessionNotCreatedException: session not created
from timeout: Timed out receiving message from renderer: 600.000
  (Session info: chrome=92.0.4515.159)
Build info: version: '3.141.59', revision: 'e82be7d358', time: '2018-11-14T08:17:03'
System info: host: 'LAPTOP-V2U7GAU2', ip: '192.168.88.203', os.name: 'Windows 10', os.arch: 'amd64', os.version: '10.0', java.version: '11.0.12'
Driver info: driver.version: ChromeDriver
remote stacktrace: Backtrace:
	Ordinal0 [0x00625843+2512963]
	Ordinal0 [0x005BEED1+2092753]
	Ordinal0 [0x004C1F48+1056584]
	Ordinal0 [0x004B493D+1001789]
	Ordinal0 [0x004B398D+997773]
	Ordinal0 [0x004B3C46+998470]
	Ordinal0 [0x004B3535+996661]
	Ordinal0 [0x004BA09D+1024157]
	Ordinal0 [0x004B34F1+996593]
	Ordinal0 [0x004B4416+1000470]
	Ordinal0 [0x004B398D+997773]
	Ordinal0 [0x004B3C46+998470]
	Ordinal0 [0x004B3535+996661]
	Ordinal0 [0x004B92CC+1020620]
	Ordinal0 [0x004B34F1+996593]
	Ordinal0 [0x004B4416+1000470]
	Ordinal0 [0x004B398D+997773]
	Ordinal0 [0x004B3C46+998470]
	Ordinal0 [0x004B3535+996661]
	Ordinal0 [0x004AF10D+979213]
	Ordinal0 [0x004B34F1+996593]
	Ordinal0 [0x004B3290+995984]
	Ordinal0 [0x004B3029+995369]
	Ordinal0 [0x004C3160+1061216]
	Ordinal0 [0x0050A8EB+1353963]
	Ordinal0 [0x005095BA+1349050]
	Ordinal0 [0x005054BB+1332411]
	Ordinal0 [0x004E1D14+1187092]
	Ordinal0 [0x004E2B79+1190777]
	GetHandleVerifier [0x007A0C56+1501718]
	GetHandleVerifier [0x0084E97F+2213695]
	GetHandleVerifier [0x006A8C92+485970]
	GetHandleVerifier [0x006A7D59+482073]
	Ordinal0 [0x005C471D+2115357]
	Ordinal0 [0x005C8678+2131576]
	Ordinal0 [0x005C87B2+2131890]
	Ordinal0 [0x005D1971+2169201]
	BaseThreadInitThunk [0x7584FA29+25]
	RtlGetAppContainerNamedObjectPath [0x77707A7E+286]
	RtlGetAppContainerNamedObjectPath [0x77707A4E+238]

	at java.base/jdk.internal.reflect.NativeConstructorAccessorImpl.newInstance0(Native Method)
	at java.base/jdk.internal.reflect.NativeConstructorAccessorImpl.newInstance(NativeConstructorAccessorImpl.java:62)
	at java.base/jdk.internal.reflect.DelegatingConstructorAccessorImpl.newInstance(DelegatingConstructorAccessorImpl.java:45)
	at java.base/java.lang.reflect.Constructor.newInstance(Constructor.java:490)
	at org.openqa.selenium.remote.W3CHandshakeResponse.lambda$errorHandler$0(W3CHandshakeResponse.java:62)
	at org.openqa.selenium.remote.HandshakeResponse.lambda$getResponseFunction$0(HandshakeResponse.java:30)
	at org.openqa.selenium.remote.ProtocolHandshake.lambda$createSession$0(ProtocolHandshake.java:126)
	at java.base/java.util.stream.ReferencePipeline$3$1.accept(ReferencePipeline.java:195)
	at java.base/java.util.Spliterators$ArraySpliterator.tryAdvance(Spliterators.java:958)
	at java.base/java.util.stream.ReferencePipeline.forEachWithCancel(ReferencePipeline.java:127)
	at java.base/java.util.stream.AbstractPipeline.copyIntoWithCancel(AbstractPipeline.java:502)
	at java.base/java.util.stream.AbstractPipeline.copyInto(AbstractPipeline.java:488)
	at java.base/java.util.stream.AbstractPipeline.wrapAndCopyInto(AbstractPipeline.java:474)
	at java.base/java.util.stream.FindOps$FindOp.evaluateSequential(FindOps.java:150)
	at java.base/java.util.stream.AbstractPipeline.evaluate(AbstractPipeline.java:234)
	at java.base/java.util.stream.ReferencePipeline.findFirst(ReferencePipeline.java:543)
	at org.openqa.selenium.remote.ProtocolHandshake.createSession(ProtocolHandshake.java:128)
	at org.openqa.selenium.remote.ProtocolHandshake.createSession(ProtocolHandshake.java:74)
	at org.openqa.selenium.remote.HttpCommandExecutor.execute(HttpCommandExecutor.java:136)
	at org.openqa.selenium.remote.service.DriverCommandExecutor.execute(DriverCommandExecutor.java:83)
	at org.openqa.selenium.remote.RemoteWebDriver.execute(RemoteWebDriver.java:552)
	at org.openqa.selenium.remote.RemoteWebDriver.startSession(RemoteWebDriver.java:213)
	at org.openqa.selenium.remote.RemoteWebDriver.<init>(RemoteWebDriver.java:131)
	at org.openqa.selenium.chrome.ChromeDriver.<init>(ChromeDriver.java:181)
	at org.openqa.selenium.chrome.ChromeDriver.<init>(ChromeDriver.java:168)
	at org.openqa.selenium.chrome.ChromeDriver.<init>(ChromeDriver.java:157)
	at DriverFile.BaseClass.initialization(BaseClass.java:22)
	at com.testng.Testng.SetUp(Testng.java:30)
	at java.base/jdk.internal.reflect.NativeMethodAccessorImpl.invoke0(Native Method)
	at java.base/jdk.internal.reflect.NativeMethodAccessorImpl.invoke(NativeMethodAccessorImpl.java:62)
	at java.base/jdk.internal.reflect.DelegatingMethodAccessorImpl.invoke(DelegatingMethodAccessorImpl.java:43)
	at java.base/java.lang.reflect.Method.invoke(Method.java:566)
	at org.testng.internal.MethodInvocationHelper.invokeMethod(MethodInvocationHelper.java:108)
	at org.testng.internal.Invoker.invokeConfigurationMethod(Invoker.java:523)
	at org.testng.internal.Invoker.invokeConfigurations(Invoker.java:224)
	at org.testng.internal.Invoker.invokeMethod(Invoker.java:599)
	at org.testng.internal.Invoker.invokeTestMethod(Invoker.java:869)
	at org.testng.internal.Invoker.invokeTestMethods(Invoker.java:1193)
	at org.testng.internal.TestMethodWorker.invokeTestMethods(TestMethodWorker.java:126)
	at org.testng.internal.TestMethodWorker.run(TestMethodWorker.java:109)
	at org.testng.TestRunner.privateRun(TestRunner.java:744)
	at org.testng.TestRunner.run(TestRunner.java:602)
	at org.testng.SuiteRunner.runTest(SuiteRunner.java:380)
	at org.testng.SuiteRunner.runSequentially(SuiteRunner.java:375)
	at org.testng.SuiteRunner.privateRun(SuiteRunner.java:340)
	at org.testng.SuiteRunner.run(SuiteRunner.java:289)
	at org.testng.SuiteRunnerWorker.runSuite(SuiteRunnerWorker.java:52)
	at org.testng.SuiteRunnerWorker.run(SuiteRunnerWorker.java:86)
	at org.testng.TestNG.runSuitesSequentially(TestNG.java:1301)
	at org.testng.TestNG.runSuitesLocally(TestNG.java:1226)
	at org.testng.TestNG.runSuites(TestNG.java:1144)
	at org.testng.TestNG.run(TestNG.java:1115)
	at org.apache.maven.surefire.testng.TestNGExecutor.run(TestNGExecutor.java:77)
	at org.apache.maven.surefire.testng.TestNGDirectoryTestSuite.execute(TestNGDirectoryTestSuite.java:110)
	at org.apache.maven.surefire.testng.TestNGProvider.invoke(TestNGProvider.java:106)
	at java.base/jdk.internal.reflect.NativeMethodAccessorImpl.invoke0(Native Method)
	at java.base/jdk.internal.reflect.NativeMethodAccessorImpl.invoke(NativeMethodAccessorImpl.java:62)
	at java.base/jdk.internal.reflect.DelegatingMethodAccessorImpl.invoke(DelegatingMethodAccessorImpl.java:43)
	at java.base/java.lang.reflect.Method.invoke(Method.java:566)
	at org.apache.maven.surefire.util.ReflectionUtils.invokeMethodWithArray(ReflectionUtils.java:189)
	at org.apache.maven.surefire.booter.ProviderFactory$ProviderProxy.invoke(ProviderFactory.java:165)
	at org.apache.maven.surefire.booter.ProviderFactory.invokeProvider(ProviderFactory.java:85)
	at org.apache.maven.surefire.booter.ForkedBooter.runSuitesInProcess(ForkedBooter.java:115)
	at org.apache.maven.surefire.booter.ForkedBooter.main(ForkedBooter.java:75)
]]>
            </full-stacktrace>
          </exception> <!-- org.openqa.selenium.SessionNotCreatedException -->
          <reporter-output>
          </reporter-output>
        </test-method> <!-- SetUp -->
        <test-method signature="Test1()[pri:1, instance:com.testng.Testng@14dd9eb7]" started-at="2021-08-21T22:13:57Z" name="Test1" finished-at="2021-08-21T22:13:57Z" duration-ms="1" status="SKIP">
          <exception class="org.openqa.selenium.SessionNotCreatedException">
            <message>
              <![CDATA[session not created
from timeout: Timed out receiving message from renderer: 600.000
  (Session info: chrome=92.0.4515.159)
Build info: version: '3.141.59', revision: 'e82be7d358', time: '2018-11-14T08:17:03'
System info: host: 'LAPTOP-V2U7GAU2', ip: '192.168.88.203', os.name: 'Windows 10', os.arch: 'amd64', os.version: '10.0', java.version: '11.0.12'
Driver info: driver.version: ChromeDriver
remote stacktrace: Backtrace:
	Ordinal0 [0x00625843+2512963]
	Ordinal0 [0x005BEED1+2092753]
	Ordinal0 [0x004C1F48+1056584]
	Ordinal0 [0x004B493D+1001789]
	Ordinal0 [0x004B398D+997773]
	Ordinal0 [0x004B3C46+998470]
	Ordinal0 [0x004B3535+996661]
	Ordinal0 [0x004BA09D+1024157]
	Ordinal0 [0x004B34F1+996593]
	Ordinal0 [0x004B4416+1000470]
	Ordinal0 [0x004B398D+997773]
	Ordinal0 [0x004B3C46+998470]
	Ordinal0 [0x004B3535+996661]
	Ordinal0 [0x004B92CC+1020620]
	Ordinal0 [0x004B34F1+996593]
	Ordinal0 [0x004B4416+1000470]
	Ordinal0 [0x004B398D+997773]
	Ordinal0 [0x004B3C46+998470]
	Ordinal0 [0x004B3535+996661]
	Ordinal0 [0x004AF10D+979213]
	Ordinal0 [0x004B34F1+996593]
	Ordinal0 [0x004B3290+995984]
	Ordinal0 [0x004B3029+995369]
	Ordinal0 [0x004C3160+1061216]
	Ordinal0 [0x0050A8EB+1353963]
	Ordinal0 [0x005095BA+1349050]
	Ordinal0 [0x005054BB+1332411]
	Ordinal0 [0x004E1D14+1187092]
	Ordinal0 [0x004E2B79+1190777]
	GetHandleVerifier [0x007A0C56+1501718]
	GetHandleVerifier [0x0084E97F+2213695]
	GetHandleVerifier [0x006A8C92+485970]
	GetHandleVerifier [0x006A7D59+482073]
	Ordinal0 [0x005C471D+2115357]
	Ordinal0 [0x005C8678+2131576]
	Ordinal0 [0x005C87B2+2131890]
	Ordinal0 [0x005D1971+2169201]
	BaseThreadInitThunk [0x7584FA29+25]
	RtlGetAppContainerNamedObjectPath [0x77707A7E+286]
	RtlGetAppContainerNamedObjectPath [0x77707A4E+238]
]]>
            </message>
            <full-stacktrace>
              <![CDATA[org.openqa.selenium.SessionNotCreatedException: session not created
from timeout: Timed out receiving message from renderer: 600.000
  (Session info: chrome=92.0.4515.159)
Build info: version: '3.141.59', revision: 'e82be7d358', time: '2018-11-14T08:17:03'
System info: host: 'LAPTOP-V2U7GAU2', ip: '192.168.88.203', os.name: 'Windows 10', os.arch: 'amd64', os.version: '10.0', java.version: '11.0.12'
Driver info: driver.version: ChromeDriver
remote stacktrace: Backtrace:
	Ordinal0 [0x00625843+2512963]
	Ordinal0 [0x005BEED1+2092753]
	Ordinal0 [0x004C1F48+1056584]
	Ordinal0 [0x004B493D+1001789]
	Ordinal0 [0x004B398D+997773]
	Ordinal0 [0x004B3C46+998470]
	Ordinal0 [0x004B3535+996661]
	Ordinal0 [0x004BA09D+1024157]
	Ordinal0 [0x004B34F1+996593]
	Ordinal0 [0x004B4416+1000470]
	Ordinal0 [0x004B398D+997773]
	Ordinal0 [0x004B3C46+998470]
	Ordinal0 [0x004B3535+996661]
	Ordinal0 [0x004B92CC+1020620]
	Ordinal0 [0x004B34F1+996593]
	Ordinal0 [0x004B4416+1000470]
	Ordinal0 [0x004B398D+997773]
	Ordinal0 [0x004B3C46+998470]
	Ordinal0 [0x004B3535+996661]
	Ordinal0 [0x004AF10D+979213]
	Ordinal0 [0x004B34F1+996593]
	Ordinal0 [0x004B3290+995984]
	Ordinal0 [0x004B3029+995369]
	Ordinal0 [0x004C3160+1061216]
	Ordinal0 [0x0050A8EB+1353963]
	Ordinal0 [0x005095BA+1349050]
	Ordinal0 [0x005054BB+1332411]
	Ordinal0 [0x004E1D14+1187092]
	Ordinal0 [0x004E2B79+1190777]
	GetHandleVerifier [0x007A0C56+1501718]
	GetHandleVerifier [0x0084E97F+2213695]
	GetHandleVerifier [0x006A8C92+485970]
	GetHandleVerifier [0x006A7D59+482073]
	Ordinal0 [0x005C471D+2115357]
	Ordinal0 [0x005C8678+2131576]
	Ordinal0 [0x005C87B2+2131890]
	Ordinal0 [0x005D1971+2169201]
	BaseThreadInitThunk [0x7584FA29+25]
	RtlGetAppContainerNamedObjectPath [0x77707A7E+286]
	RtlGetAppContainerNamedObjectPath [0x77707A4E+238]

	at java.base/jdk.internal.reflect.NativeConstructorAccessorImpl.newInstance0(Native Method)
	at java.base/jdk.internal.reflect.NativeConstructorAccessorImpl.newInstance(NativeConstructorAccessorImpl.java:62)
	at java.base/jdk.internal.reflect.DelegatingConstructorAccessorImpl.newInstance(DelegatingConstructorAccessorImpl.java:45)
	at java.base/java.lang.reflect.Constructor.newInstance(Constructor.java:490)
	at org.openqa.selenium.remote.W3CHandshakeResponse.lambda$errorHandler$0(W3CHandshakeResponse.java:62)
	at org.openqa.selenium.remote.HandshakeResponse.lambda$getResponseFunction$0(HandshakeResponse.java:30)
	at org.openqa.selenium.remote.ProtocolHandshake.lambda$createSession$0(ProtocolHandshake.java:126)
	at java.base/java.util.stream.ReferencePipeline$3$1.accept(ReferencePipeline.java:195)
	at java.base/java.util.Spliterators$ArraySpliterator.tryAdvance(Spliterators.java:958)
	at java.base/java.util.stream.ReferencePipeline.forEachWithCancel(ReferencePipeline.java:127)
	at java.base/java.util.stream.AbstractPipeline.copyIntoWithCancel(AbstractPipeline.java:502)
	at java.base/java.util.stream.AbstractPipeline.copyInto(AbstractPipeline.java:488)
	at java.base/java.util.stream.AbstractPipeline.wrapAndCopyInto(AbstractPipeline.java:474)
	at java.base/java.util.stream.FindOps$FindOp.evaluateSequential(FindOps.java:150)
	at java.base/java.util.stream.AbstractPipeline.evaluate(AbstractPipeline.java:234)
	at java.base/java.util.stream.ReferencePipeline.findFirst(ReferencePipeline.java:543)
	at org.openqa.selenium.remote.ProtocolHandshake.createSession(ProtocolHandshake.java:128)
	at org.openqa.selenium.remote.ProtocolHandshake.createSession(ProtocolHandshake.java:74)
	at org.openqa.selenium.remote.HttpCommandExecutor.execute(HttpCommandExecutor.java:136)
	at org.openqa.selenium.remote.service.DriverCommandExecutor.execute(DriverCommandExecutor.java:83)
	at org.openqa.selenium.remote.RemoteWebDriver.execute(RemoteWebDriver.java:552)
	at org.openqa.selenium.remote.RemoteWebDriver.startSession(RemoteWebDriver.java:213)
	at org.openqa.selenium.remote.RemoteWebDriver.<init>(RemoteWebDriver.java:131)
	at org.openqa.selenium.chrome.ChromeDriver.<init>(ChromeDriver.java:181)
	at org.openqa.selenium.chrome.ChromeDriver.<init>(ChromeDriver.java:168)
	at org.openqa.selenium.chrome.ChromeDriver.<init>(ChromeDriver.java:157)
	at DriverFile.BaseClass.initialization(BaseClass.java:22)
	at com.testng.Testng.SetUp(Testng.java:30)
	at java.base/jdk.internal.reflect.NativeMethodAccessorImpl.invoke0(Native Method)
	at java.base/jdk.internal.reflect.NativeMethodAccessorImpl.invoke(NativeMethodAccessorImpl.java:62)
	at java.base/jdk.internal.reflect.DelegatingMethodAccessorImpl.invoke(DelegatingMethodAccessorImpl.java:43)
	at java.base/java.lang.reflect.Method.invoke(Method.java:566)
	at org.testng.internal.MethodInvocationHelper.invokeMethod(MethodInvocationHelper.java:108)
	at org.testng.internal.Invoker.invokeConfigurationMethod(Invoker.java:523)
	at org.testng.internal.Invoker.invokeConfigurations(Invoker.java:224)
	at org.testng.internal.Invoker.invokeMethod(Invoker.java:599)
	at org.testng.internal.Invoker.invokeTestMethod(Invoker.java:869)
	at org.testng.internal.Invoker.invokeTestMethods(Invoker.java:1193)
	at org.testng.internal.TestMethodWorker.invokeTestMethods(TestMethodWorker.java:126)
	at org.testng.internal.TestMethodWorker.run(TestMethodWorker.java:109)
	at org.testng.TestRunner.privateRun(TestRunner.java:744)
	at org.testng.TestRunner.run(TestRunner.java:602)
	at org.testng.SuiteRunner.runTest(SuiteRunner.java:380)
	at org.testng.SuiteRunner.runSequentially(SuiteRunner.java:375)
	at org.testng.SuiteRunner.privateRun(SuiteRunner.java:340)
	at org.testng.SuiteRunner.run(SuiteRunner.java:289)
	at org.testng.SuiteRunnerWorker.runSuite(SuiteRunnerWorker.java:52)
	at org.testng.SuiteRunnerWorker.run(SuiteRunnerWorker.java:86)
	at org.testng.TestNG.runSuitesSequentially(TestNG.java:1301)
	at org.testng.TestNG.runSuitesLocally(TestNG.java:1226)
	at org.testng.TestNG.runSuites(TestNG.java:1144)
	at org.testng.TestNG.run(TestNG.java:1115)
	at org.apache.maven.surefire.testng.TestNGExecutor.run(TestNGExecutor.java:77)
	at org.apache.maven.surefire.testng.TestNGDirectoryTestSuite.execute(TestNGDirectoryTestSuite.java:110)
	at org.apache.maven.surefire.testng.TestNGProvider.invoke(TestNGProvider.java:106)
	at java.base/jdk.internal.reflect.NativeMethodAccessorImpl.invoke0(Native Method)
	at java.base/jdk.internal.reflect.NativeMethodAccessorImpl.invoke(NativeMethodAccessorImpl.java:62)
	at java.base/jdk.internal.reflect.DelegatingMethodAccessorImpl.invoke(DelegatingMethodAccessorImpl.java:43)
	at java.base/java.lang.reflect.Method.invoke(Method.java:566)
	at org.apache.maven.surefire.util.ReflectionUtils.invokeMethodWithArray(ReflectionUtils.java:189)
	at org.apache.maven.surefire.booter.ProviderFactory$ProviderProxy.invoke(ProviderFactory.java:165)
	at org.apache.maven.surefire.booter.ProviderFactory.invokeProvider(ProviderFactory.java:85)
	at org.apache.maven.surefire.booter.ForkedBooter.runSuitesInProcess(ForkedBooter.java:115)
	at org.apache.maven.surefire.booter.ForkedBooter.main(ForkedBooter.java:75)
]]>
            </full-stacktrace>
          </exception> <!-- org.openqa.selenium.SessionNotCreatedException -->
          <reporter-output>
          </reporter-output>
        </test-method> <!-- Test1 -->
      </class> <!-- com.testng.Testng -->
    </test> <!-- Command line test -->
  </suite> <!-- com.testng.Testng -->
</testng-results>
